<?xml version="1.0" encoding="utf-8"?><testsuites><testsuite name="pytest" errors="0" failures="1" skipped="1" tests="3" time="0.650" timestamp="2024-05-19T12:29:09.088309" hostname="sjk015-VirtualBox"><testcase classname="pbvs_package.test.test_copyright" name="test_copyright" time="0.001"><skipped type="pytest.skip" message="No copyright header has been placed in the generated source file.">/home/sjk015/Documents/SKJ015-Intelligent_Control/Task_4_1/ros2_ws/src/pbvs_package/test/test_copyright.py:20: No copyright header has been placed in the generated source file.</skipped></testcase><testcase classname="pbvs_package.test.test_flake8" name="test_flake8" time="0.232"><failure message="AssertionError: Found 94 code style errors / warnings:&#10;  ./pbvs_package/launcher.py:4:1: E302 expected 2 blank lines, found 1&#10;  ./pbvs_package/controller.py:7:1: F403 'from machinevisiontoolbox.base import *' used; unable to detect undefined names&#10;  ./pbvs_package/controller.py:8:1: F403 'from machinevisiontoolbox import *' used; unable to detect undefined names&#10;  ./pbvs_package/controller.py:9:1: F403 'from spatialmath.base import *' used; unable to detect undefined names&#10;  ./pbvs_package/controller.py:10:1: F403 'from spatialmath import *' used; unable to detect undefined names&#10;  ./pbvs_package/controller.py:11:1: F811 redefinition of unused 'np' from line 5&#10;  ./pbvs_package/controller.py:12:1: W293 blank line contains whitespace&#10;  ./pbvs_package/controller.py:13:1: E302 expected 2 blank lines, found 1&#10;  ./pbvs_package/controller.py:16:1: W293 blank line contains whitespace&#10;  ./pbvs_package/controller.py:24:1: W293 blank line contains whitespace&#10;  ./pbvs_package/controller.py:27:23: F405 'SE3' may be undefined, or defined from star imports: machinevisiontoolbox, machinevisiontoolbox.base, spatialmath, spatialmath.base&#10;  ./pbvs_package/controller.py:28:1: W293 blank line contains whitespace&#10;  ./pbvs_package/controller.py:30:1: W293 blank line contains whitespace&#10;  ./pbvs_package/controller.py:31:33: E202 whitespace before ')'&#10;  ./pbvs_package/controller.py:34:44: E231 missing whitespace after ','&#10;  ./pbvs_package/controller.py:35:1: W293 blank line contains whitespace&#10;  ./pbvs_package/controller.py:36:18: F405 'SE3' may be undefined, or defined from star imports: machinevisiontoolbox, machinevisiontoolbox.base, spatialmath, spatialmath.base&#10;  ./pbvs_package/controller.py:36:27: E261 at least two spaces before inline comment&#10;  ./pbvs_package/controller.py:38:45: E261 at least two spaces before inline comment&#10;  ./pbvs_package/controller.py:39:34: W291 trailing whitespace&#10;  ./pbvs_package/controller.py:43:1: W293 blank line contains whitespace&#10;  ./pbvs_package/controller.py:51:1: E305 expected 2 blank lines after class or function definition, found 1&#10;  ./pbvs_package/controller.py:52:11: W292 no newline at end of file&#10;  ./pbvs_package/FeatureExtractor.py:3:1: F401 'std_msgs.msg.Float64' imported but unused&#10;  ./pbvs_package/FeatureExtractor.py:7:1: F403 'from machinevisiontoolbox.base import *' used; unable to detect undefined names&#10;  ./pbvs_package/FeatureExtractor.py:8:1: F403 'from machinevisiontoolbox import *' used; unable to detect undefined names&#10;  ./pbvs_package/FeatureExtractor.py:9:1: F403 'from spatialmath.base import *' used; unable to detect undefined names&#10;  ./pbvs_package/FeatureExtractor.py:10:1: F403 'from spatialmath import *' used; unable to detect undefined names&#10;  ./pbvs_package/FeatureExtractor.py:12:1: E302 expected 2 blank lines, found 1&#10;  ./pbvs_package/FeatureExtractor.py:14:24: E261 at least two spaces before inline comment&#10;  ./pbvs_package/FeatureExtractor.py:14:25: E262 inline comment should start with '# '&#10;  ./pbvs_package/FeatureExtractor.py:17:1: W293 blank line contains whitespace&#10;  ./pbvs_package/FeatureExtractor.py:18:23: F405 'CentralCamera' may be undefined, or defined from star imports: machinevisiontoolbox, machinevisiontoolbox.base, spatialmath, spatialmath.base&#10;  ./pbvs_package/FeatureExtractor.py:18:49: E251 unexpected spaces around keyword / parameter equals&#10;  ./pbvs_package/FeatureExtractor.py:18:51: E251 unexpected spaces around keyword / parameter equals&#10;  ./pbvs_package/FeatureExtractor.py:18:52: F405 'SE3' may be undefined, or defined from star imports: machinevisiontoolbox, machinevisiontoolbox.base, spatialmath, spatialmath.base&#10;  ./pbvs_package/FeatureExtractor.py:19:18: F405 'mkgrid' may be undefined, or defined from star imports: machinevisiontoolbox, machinevisiontoolbox.base, spatialmath, spatialmath.base&#10;  ./pbvs_package/FeatureExtractor.py:20:23: F405 'SE3' may be undefined, or defined from star imports: machinevisiontoolbox, machinevisiontoolbox.base, spatialmath, spatialmath.base&#10;  ./pbvs_package/FeatureExtractor.py:21:1: W293 blank line contains whitespace&#10;  ./pbvs_package/FeatureExtractor.py:28:1: W293 blank line contains whitespace&#10;  ./pbvs_package/FeatureExtractor.py:30:1: W293 blank line contains whitespace&#10;  ./pbvs_package/FeatureExtractor.py:33:40: E231 missing whitespace after ','&#10;  ./pbvs_package/FeatureExtractor.py:34:9: E265 block comment should start with '# '&#10;  ./pbvs_package/FeatureExtractor.py:37:28: F405 'SE3' may be undefined, or defined from star imports: machinevisiontoolbox, machinevisiontoolbox.base, spatialmath, spatialmath.base&#10;  ./pbvs_package/FeatureExtractor.py:38:1: W293 blank line contains whitespace&#10;  ./pbvs_package/FeatureExtractor.py:42:70: W291 trailing whitespace&#10;  ./pbvs_package/FeatureExtractor.py:46:34: W291 trailing whitespace&#10;  ./pbvs_package/FeatureExtractor.py:51:1: W293 blank line contains whitespace&#10;  ./pbvs_package/FeatureExtractor.py:52:1: E302 expected 2 blank lines, found 1&#10;  ./pbvs_package/FeatureExtractor.py:59:1: E305 expected 2 blank lines after class or function definition, found 1&#10;  ./pbvs_package/FeatureExtractor.py:60:11: W292 no newline at end of file&#10;  ./pbvs_package/mainROS.py:2:1: F403 'from machinevisiontoolbox.base import *' used; unable to detect undefined names&#10;  ./pbvs_package/mainROS.py:2:1: F401 'machinevisiontoolbox.base.*' imported but unused&#10;  ./pbvs_package/mainROS.py:3:1: F403 'from machinevisiontoolbox import *' used; unable to detect undefined names&#10;  ./pbvs_package/mainROS.py:3:1: F401 'machinevisiontoolbox.*' imported but unused&#10;  ./pbvs_package/mainROS.py:4:1: F403 'from spatialmath.base import *' used; unable to detect undefined names&#10;  ./pbvs_package/mainROS.py:4:1: F401 'spatialmath.base.*' imported but unused&#10;  ./pbvs_package/mainROS.py:5:1: F403 'from spatialmath import *' used; unable to detect undefined names&#10;  ./pbvs_package/mainROS.py:5:1: F401 'spatialmath.*' imported but unused&#10;  ./pbvs_package/mainROS.py:8:1: E265 block comment should start with '# '&#10;  ./pbvs_package/mainROS.py:10:1: E265 block comment should start with '# '&#10;  ./pbvs_package/mainROS.py:12:1: E265 block comment should start with '# '&#10;  ./pbvs_package/mainROS.py:15:1: E265 block comment should start with '# '&#10;  ./pbvs_package/mainROS.py:17:19: E261 at least two spaces before inline comment&#10;  ./pbvs_package/mainROS.py:17:20: E262 inline comment should start with '# '&#10;  ./pbvs_package/mainROS.py:18:1: E265 block comment should start with '# '&#10;  ./pbvs_package/mainROS.py:20:8: E225 missing whitespace around operator&#10;  ./pbvs_package/mainROS.py:22:1: E265 block comment should start with '# '&#10;  ./pbvs_package/mainROS.py:23:1: E265 block comment should start with '# '&#10;  ./pbvs_package/mainROS.py:23:100: E501 line too long (108 &gt; 99 characters)&#10;  ./pbvs_package/mainROS.py:25:1: W391 blank line at end of file&#10;  ./pbvs_package/actuator.py:3:1: F401 'std_msgs.msg.Float64' imported but unused&#10;  ./pbvs_package/actuator.py:7:1: F403 'from machinevisiontoolbox.base import *' used; unable to detect undefined names&#10;  ./pbvs_package/actuator.py:8:1: F403 'from machinevisiontoolbox import *' used; unable to detect undefined names&#10;  ./pbvs_package/actuator.py:9:1: F403 'from spatialmath.base import *' used; unable to detect undefined names&#10;  ./pbvs_package/actuator.py:10:1: F403 'from spatialmath import *' used; unable to detect undefined names&#10;  ./pbvs_package/actuator.py:12:1: W293 blank line contains whitespace&#10;  ./pbvs_package/actuator.py:23:1: W293 blank line contains whitespace&#10;  ./pbvs_package/actuator.py:24:100: E501 line too long (101 &gt; 99 characters)&#10;  ./pbvs_package/actuator.py:25:23: F405 'CentralCamera' may be undefined, or defined from star imports: machinevisiontoolbox, machinevisiontoolbox.base, spatialmath, spatialmath.base&#10;  ./pbvs_package/actuator.py:25:49: E251 unexpected spaces around keyword / parameter equals&#10;  ./pbvs_package/actuator.py:25:51: E251 unexpected spaces around keyword / parameter equals&#10;  ./pbvs_package/actuator.py:25:52: F405 'SE3' may be undefined, or defined from star imports: machinevisiontoolbox, machinevisiontoolbox.base, spatialmath, spatialmath.base&#10;  ./pbvs_package/actuator.py:25:100: E501 line too long (127 &gt; 99 characters)&#10;  ./pbvs_package/actuator.py:27:1: W293 blank line contains whitespace&#10;  ./pbvs_package/actuator.py:29:1: W293 blank line contains whitespace&#10;  ./pbvs_package/actuator.py:30:39: E261 at least two spaces before inline comment&#10;  ./pbvs_package/actuator.py:31:19: F405 'SE3' may be undefined, or defined from star imports: machinevisiontoolbox, machinevisiontoolbox.base, spatialmath, spatialmath.base&#10;  ./pbvs_package/actuator.py:31:41: E261 at least two spaces before inline comment&#10;  ./pbvs_package/actuator.py:32:41: W291 trailing whitespace&#10;  ./pbvs_package/actuator.py:34:1: W293 blank line contains whitespace&#10;  ./pbvs_package/actuator.py:38:26: F405 'PBVS_actuatorNode' may be undefined, or defined from star imports: machinevisiontoolbox, machinevisiontoolbox.base, spatialmath, spatialmath.base&#10;  ./pbvs_package/actuator.py:43:1: E305 expected 2 blank lines after class or function definition, found 1&#10;  ./pbvs_package/actuator.py:44:11: W292 no newline at end of file&#10;assert 1 == 0">test/test_flake8.py:23: in test_flake8
    assert rc == 0, \
E   AssertionError: Found 94 code style errors / warnings:
E     ./pbvs_package/launcher.py:4:1: E302 expected 2 blank lines, found 1
E     ./pbvs_package/controller.py:7:1: F403 'from machinevisiontoolbox.base import *' used; unable to detect undefined names
E     ./pbvs_package/controller.py:8:1: F403 'from machinevisiontoolbox import *' used; unable to detect undefined names
E     ./pbvs_package/controller.py:9:1: F403 'from spatialmath.base import *' used; unable to detect undefined names
E     ./pbvs_package/controller.py:10:1: F403 'from spatialmath import *' used; unable to detect undefined names
E     ./pbvs_package/controller.py:11:1: F811 redefinition of unused 'np' from line 5
E     ./pbvs_package/controller.py:12:1: W293 blank line contains whitespace
E     ./pbvs_package/controller.py:13:1: E302 expected 2 blank lines, found 1
E     ./pbvs_package/controller.py:16:1: W293 blank line contains whitespace
E     ./pbvs_package/controller.py:24:1: W293 blank line contains whitespace
E     ./pbvs_package/controller.py:27:23: F405 'SE3' may be undefined, or defined from star imports: machinevisiontoolbox, machinevisiontoolbox.base, spatialmath, spatialmath.base
E     ./pbvs_package/controller.py:28:1: W293 blank line contains whitespace
E     ./pbvs_package/controller.py:30:1: W293 blank line contains whitespace
E     ./pbvs_package/controller.py:31:33: E202 whitespace before ')'
E     ./pbvs_package/controller.py:34:44: E231 missing whitespace after ','
E     ./pbvs_package/controller.py:35:1: W293 blank line contains whitespace
E     ./pbvs_package/controller.py:36:18: F405 'SE3' may be undefined, or defined from star imports: machinevisiontoolbox, machinevisiontoolbox.base, spatialmath, spatialmath.base
E     ./pbvs_package/controller.py:36:27: E261 at least two spaces before inline comment
E     ./pbvs_package/controller.py:38:45: E261 at least two spaces before inline comment
E     ./pbvs_package/controller.py:39:34: W291 trailing whitespace
E     ./pbvs_package/controller.py:43:1: W293 blank line contains whitespace
E     ./pbvs_package/controller.py:51:1: E305 expected 2 blank lines after class or function definition, found 1
E     ./pbvs_package/controller.py:52:11: W292 no newline at end of file
E     ./pbvs_package/FeatureExtractor.py:3:1: F401 'std_msgs.msg.Float64' imported but unused
E     ./pbvs_package/FeatureExtractor.py:7:1: F403 'from machinevisiontoolbox.base import *' used; unable to detect undefined names
E     ./pbvs_package/FeatureExtractor.py:8:1: F403 'from machinevisiontoolbox import *' used; unable to detect undefined names
E     ./pbvs_package/FeatureExtractor.py:9:1: F403 'from spatialmath.base import *' used; unable to detect undefined names
E     ./pbvs_package/FeatureExtractor.py:10:1: F403 'from spatialmath import *' used; unable to detect undefined names
E     ./pbvs_package/FeatureExtractor.py:12:1: E302 expected 2 blank lines, found 1
E     ./pbvs_package/FeatureExtractor.py:14:24: E261 at least two spaces before inline comment
E     ./pbvs_package/FeatureExtractor.py:14:25: E262 inline comment should start with '# '
E     ./pbvs_package/FeatureExtractor.py:17:1: W293 blank line contains whitespace
E     ./pbvs_package/FeatureExtractor.py:18:23: F405 'CentralCamera' may be undefined, or defined from star imports: machinevisiontoolbox, machinevisiontoolbox.base, spatialmath, spatialmath.base
E     ./pbvs_package/FeatureExtractor.py:18:49: E251 unexpected spaces around keyword / parameter equals
E     ./pbvs_package/FeatureExtractor.py:18:51: E251 unexpected spaces around keyword / parameter equals
E     ./pbvs_package/FeatureExtractor.py:18:52: F405 'SE3' may be undefined, or defined from star imports: machinevisiontoolbox, machinevisiontoolbox.base, spatialmath, spatialmath.base
E     ./pbvs_package/FeatureExtractor.py:19:18: F405 'mkgrid' may be undefined, or defined from star imports: machinevisiontoolbox, machinevisiontoolbox.base, spatialmath, spatialmath.base
E     ./pbvs_package/FeatureExtractor.py:20:23: F405 'SE3' may be undefined, or defined from star imports: machinevisiontoolbox, machinevisiontoolbox.base, spatialmath, spatialmath.base
E     ./pbvs_package/FeatureExtractor.py:21:1: W293 blank line contains whitespace
E     ./pbvs_package/FeatureExtractor.py:28:1: W293 blank line contains whitespace
E     ./pbvs_package/FeatureExtractor.py:30:1: W293 blank line contains whitespace
E     ./pbvs_package/FeatureExtractor.py:33:40: E231 missing whitespace after ','
E     ./pbvs_package/FeatureExtractor.py:34:9: E265 block comment should start with '# '
E     ./pbvs_package/FeatureExtractor.py:37:28: F405 'SE3' may be undefined, or defined from star imports: machinevisiontoolbox, machinevisiontoolbox.base, spatialmath, spatialmath.base
E     ./pbvs_package/FeatureExtractor.py:38:1: W293 blank line contains whitespace
E     ./pbvs_package/FeatureExtractor.py:42:70: W291 trailing whitespace
E     ./pbvs_package/FeatureExtractor.py:46:34: W291 trailing whitespace
E     ./pbvs_package/FeatureExtractor.py:51:1: W293 blank line contains whitespace
E     ./pbvs_package/FeatureExtractor.py:52:1: E302 expected 2 blank lines, found 1
E     ./pbvs_package/FeatureExtractor.py:59:1: E305 expected 2 blank lines after class or function definition, found 1
E     ./pbvs_package/FeatureExtractor.py:60:11: W292 no newline at end of file
E     ./pbvs_package/mainROS.py:2:1: F403 'from machinevisiontoolbox.base import *' used; unable to detect undefined names
E     ./pbvs_package/mainROS.py:2:1: F401 'machinevisiontoolbox.base.*' imported but unused
E     ./pbvs_package/mainROS.py:3:1: F403 'from machinevisiontoolbox import *' used; unable to detect undefined names
E     ./pbvs_package/mainROS.py:3:1: F401 'machinevisiontoolbox.*' imported but unused
E     ./pbvs_package/mainROS.py:4:1: F403 'from spatialmath.base import *' used; unable to detect undefined names
E     ./pbvs_package/mainROS.py:4:1: F401 'spatialmath.base.*' imported but unused
E     ./pbvs_package/mainROS.py:5:1: F403 'from spatialmath import *' used; unable to detect undefined names
E     ./pbvs_package/mainROS.py:5:1: F401 'spatialmath.*' imported but unused
E     ./pbvs_package/mainROS.py:8:1: E265 block comment should start with '# '
E     ./pbvs_package/mainROS.py:10:1: E265 block comment should start with '# '
E     ./pbvs_package/mainROS.py:12:1: E265 block comment should start with '# '
E     ./pbvs_package/mainROS.py:15:1: E265 block comment should start with '# '
E     ./pbvs_package/mainROS.py:17:19: E261 at least two spaces before inline comment
E     ./pbvs_package/mainROS.py:17:20: E262 inline comment should start with '# '
E     ./pbvs_package/mainROS.py:18:1: E265 block comment should start with '# '
E     ./pbvs_package/mainROS.py:20:8: E225 missing whitespace around operator
E     ./pbvs_package/mainROS.py:22:1: E265 block comment should start with '# '
E     ./pbvs_package/mainROS.py:23:1: E265 block comment should start with '# '
E     ./pbvs_package/mainROS.py:23:100: E501 line too long (108 &gt; 99 characters)
E     ./pbvs_package/mainROS.py:25:1: W391 blank line at end of file
E     ./pbvs_package/actuator.py:3:1: F401 'std_msgs.msg.Float64' imported but unused
E     ./pbvs_package/actuator.py:7:1: F403 'from machinevisiontoolbox.base import *' used; unable to detect undefined names
E     ./pbvs_package/actuator.py:8:1: F403 'from machinevisiontoolbox import *' used; unable to detect undefined names
E     ./pbvs_package/actuator.py:9:1: F403 'from spatialmath.base import *' used; unable to detect undefined names
E     ./pbvs_package/actuator.py:10:1: F403 'from spatialmath import *' used; unable to detect undefined names
E     ./pbvs_package/actuator.py:12:1: W293 blank line contains whitespace
E     ./pbvs_package/actuator.py:23:1: W293 blank line contains whitespace
E     ./pbvs_package/actuator.py:24:100: E501 line too long (101 &gt; 99 characters)
E     ./pbvs_package/actuator.py:25:23: F405 'CentralCamera' may be undefined, or defined from star imports: machinevisiontoolbox, machinevisiontoolbox.base, spatialmath, spatialmath.base
E     ./pbvs_package/actuator.py:25:49: E251 unexpected spaces around keyword / parameter equals
E     ./pbvs_package/actuator.py:25:51: E251 unexpected spaces around keyword / parameter equals
E     ./pbvs_package/actuator.py:25:52: F405 'SE3' may be undefined, or defined from star imports: machinevisiontoolbox, machinevisiontoolbox.base, spatialmath, spatialmath.base
E     ./pbvs_package/actuator.py:25:100: E501 line too long (127 &gt; 99 characters)
E     ./pbvs_package/actuator.py:27:1: W293 blank line contains whitespace
E     ./pbvs_package/actuator.py:29:1: W293 blank line contains whitespace
E     ./pbvs_package/actuator.py:30:39: E261 at least two spaces before inline comment
E     ./pbvs_package/actuator.py:31:19: F405 'SE3' may be undefined, or defined from star imports: machinevisiontoolbox, machinevisiontoolbox.base, spatialmath, spatialmath.base
E     ./pbvs_package/actuator.py:31:41: E261 at least two spaces before inline comment
E     ./pbvs_package/actuator.py:32:41: W291 trailing whitespace
E     ./pbvs_package/actuator.py:34:1: W293 blank line contains whitespace
E     ./pbvs_package/actuator.py:38:26: F405 'PBVS_actuatorNode' may be undefined, or defined from star imports: machinevisiontoolbox, machinevisiontoolbox.base, spatialmath, spatialmath.base
E     ./pbvs_package/actuator.py:43:1: E305 expected 2 blank lines after class or function definition, found 1
E     ./pbvs_package/actuator.py:44:11: W292 no newline at end of file
E   assert 1 == 0</failure></testcase><testcase classname="pbvs_package.test.test_pep257" name="test_pep257" time="0.049" /></testsuite></testsuites>